<?xml version="1.0" encoding="UTF-8"?>
<!-- Generated by org.testng.reporters.JUnitXMLReporter -->
<testsuite hostname="LAPTOP-Q2FL4KDE" ignored="0" name="Default test" tests="4" failures="0" timestamp="01 Mar 2020 17:55:04 GMT" time="54.676" errors="0">
  <testcase name="CreateAccount" time="3.328" classname="com.qa.tests.PlaceOrder"/>
  <testcase name="EnterRegistrationData" time="7.872" classname="com.qa.tests.PlaceOrder"/>
  <testcase name="AddTwoWomensItems" time="11.445" classname="com.qa.tests.PlaceOrder"/>
  <testcase name="ConfirmOrder" time="15.369" classname="com.qa.tests.PlaceOrder"/>
</testsuite> <!-- Default test -->
